[debug] [2022-02-25T09:31:28.937Z] ----------------------------------------------------------------------
[debug] [2022-02-25T09:31:28.944Z] Command:       /usr/bin/node /usr/bin/firebase deploy --only functions
[debug] [2022-02-25T09:31:28.945Z] CLI Version:   3.18.4
[debug] [2022-02-25T09:31:28.945Z] Platform:      linux
[debug] [2022-02-25T09:31:28.945Z] Node Version:  v14.19.0
[debug] [2022-02-25T09:31:28.947Z] Time:          Fri Feb 25 2022 06:31:28 GMT-0300 (Brasilia Standard Time)
[debug] [2022-02-25T09:31:28.948Z] ----------------------------------------------------------------------
[debug] 
[debug] [2022-02-25T09:31:29.019Z] > command requires scopes: ["email","openid","https://www.googleapis.com/auth/cloudplatformprojects.readonly","https://www.googleapis.com/auth/firebase","https://www.googleapis.com/auth/cloud-platform"]
[debug] [2022-02-25T09:31:29.030Z] > authorizing via signed-in user
[debug] [2022-02-25T09:31:29.050Z] > refreshing access token with scopes: ["email","https://www.googleapis.com/auth/cloud-platform","https://www.googleapis.com/auth/cloudplatformprojects.readonly","https://www.googleapis.com/auth/firebase","openid"]
[debug] [2022-02-25T09:31:29.051Z] >>> HTTP REQUEST POST https://www.googleapis.com/oauth2/v3/token  
 {
  refresh_token: '1//0hFtWUIFgBvOCCgYIARAAGBESNwF-L9IrarBdurk6nkuZD55nBbIb7d_xd_nfx543pYXSb-7I3QlLl3VDTouPCd4z0SU68GEPQ3M',
  client_id: '563584335869-fgrhgmd47bqnekij5i8b5pr03ho849e6.apps.googleusercontent.com',
  client_secret: 'j9iVZfS8kkCEFUPaAeJV0sAi',
  grant_type: 'refresh_token',
  scope: 'email https://www.googleapis.com/auth/cloud-platform https://www.googleapis.com/auth/cloudplatformprojects.readonly https://www.googleapis.com/auth/firebase openid'
} 
 Fri Feb 25 2022 06:31:29 GMT-0300 (Brasilia Standard Time)
[debug] [2022-02-25T09:31:29.395Z] <<< HTTP RESPONSE 200
[debug] [2022-02-25T09:31:29.450Z] >>> HTTP REQUEST GET https://admin.firebase.com/v1/projects/whatsapp-clone-79325  
  
 Fri Feb 25 2022 06:31:29 GMT-0300 (Brasilia Standard Time)
